<?xml version="1.0" encoding="UTF-8"?>
<!-- Generated by org.testng.reporters.JUnitXMLReporter -->
<testsuite ignored="2" hostname="LAPTOP-TEC1VDDC" failures="0" tests="3" name="Test" time="12.406" errors="0" timestamp="2024-08-05T14:53:16 IST">
  <testcase classname="testCases.TC_001_AddToCart" name="verify_productAdded" time="5.817"/>
  <testcase classname="testCases.TC_002_FinalCart" name="verifyCart" time="0.611"/>
  <testcase classname="testCases.TC_003_AddressDets" name="verify" time="0.704"/>
  <testcase classname="testBase.BaseClass" name="@BeforeTest setup" time="0.0">
    <ignored/>
  </testcase> <!-- @BeforeTest setup -->
  <testcase classname="testBase.BaseClass" name="@BeforeTest setup" time="0.0">
    <ignored/>
  </testcase> <!-- @BeforeTest setup -->
</testsuite> <!-- Test -->
