<?xml version="1.0" encoding="UTF-8"?>
<!-- Generated by org.testng.reporters.JUnitXMLReporter -->
<testsuite ignored="2" hostname="LAPTOP-TEC1VDDC" failures="0" tests="1" name="ChromeTest" time="19.27" errors="0" timestamp="2024-07-30T14:29:46 IST">
  <testcase classname="testCases.TC_001_AddToCart" name="verify_productAdded" time="3.111"/>
  <testcase classname="testBase.BaseClass" name="@BeforeSuite suiteSetup" time="0.0">
    <ignored/>
  </testcase> <!-- @BeforeSuite suiteSetup -->
  <testcase classname="testBase.BaseClass" name="@AfterSuite tearDown" time="0.0">
    <ignored/>
  </testcase> <!-- @AfterSuite tearDown -->
</testsuite> <!-- ChromeTest -->
