<?xml version="1.0" encoding="UTF-8"?>
<testng-results ignored="0" total="1" passed="1" failed="0" skipped="0">
  <reporter-output>
  </reporter-output>
  <suite started-at="2024-06-28T14:46:03 IST" name="Suite" finished-at="2024-06-28T14:46:07 IST" duration-ms="3645">
    <groups>
      <group name="Master">
        <method signature="TC_001_AddToCart.verify_productAdded()[pri:0, instance:testCases.TC_001_AddToCart@71f67a79]" name="verify_productAdded" class="testCases.TC_001_AddToCart"/>
      </group> <!-- Master -->
    </groups>
    <test started-at="2024-06-28T14:46:03 IST" name="Test" finished-at="2024-06-28T14:46:07 IST" duration-ms="3645">
      <class name="testCases.TC_001_AddToCart">
        <test-method is-config="true" signature="setup(java.lang.String,java.lang.String)[pri:0, instance:testCases.TC_001_AddToCart@71f67a79]" started-at="2024-06-28T14:46:03 IST" name="setup" finished-at="2024-06-28T14:46:06 IST" duration-ms="2904" status="PASS">
          <params>
            <param index="0">
              <value>
                <![CDATA[windows]]>
              </value>
            </param>
            <param index="1">
              <value>
                <![CDATA[chrome]]>
              </value>
            </param>
          </params>
          <reporter-output>
          </reporter-output>
        </test-method> <!-- setup -->
        <test-method signature="verify_productAdded()[pri:0, instance:testCases.TC_001_AddToCart@71f67a79]" started-at="2024-06-28T14:46:06 IST" name="verify_productAdded" finished-at="2024-06-28T14:46:07 IST" duration-ms="452" status="PASS">
          <reporter-output>
          </reporter-output>
        </test-method> <!-- verify_productAdded -->
      </class> <!-- testCases.TC_001_AddToCart -->
    </test> <!-- Test -->
  </suite> <!-- Suite -->
</testng-results>
