<?xml version="1.0" encoding="UTF-8"?>
<testng-results ignored="0" total="3" passed="3" failed="0" skipped="0">
  <reporter-output>
  </reporter-output>
  <suite started-at="2024-08-05T14:53:02 IST" name="Suite" finished-at="2024-08-05T14:53:15 IST" duration-ms="12406">
    <groups>
      <group name="Master">
        <method signature="TC_001_AddToCart.verify_productAdded()[pri:0, instance:testCases.TC_001_AddToCart@4263b080]" name="verify_productAdded" class="testCases.TC_001_AddToCart"/>
        <method signature="TC_002_FinalCart.verifyCart()[pri:0, instance:testCases.TC_002_FinalCart@3aee3976]" name="verifyCart" class="testCases.TC_002_FinalCart"/>
        <method signature="TC_003_AddressDets.verify()[pri:0, instance:testCases.TC_003_AddressDets@5ef8df1e]" name="verify" class="testCases.TC_003_AddressDets"/>
      </group> <!-- Master -->
    </groups>
    <test started-at="2024-08-05T14:53:02 IST" name="Test" finished-at="2024-08-05T14:53:15 IST" duration-ms="12406">
      <class name="testCases.TC_003_AddressDets">
        <test-method signature="verify()[pri:0, instance:testCases.TC_003_AddressDets@5ef8df1e]" started-at="2024-08-05T14:53:14 IST" name="verify" finished-at="2024-08-05T14:53:15 IST" duration-ms="704" status="PASS">
          <reporter-output>
          </reporter-output>
        </test-method> <!-- verify -->
      </class> <!-- testCases.TC_003_AddressDets -->
      <class name="testCases.TC_001_AddToCart">
        <test-method is-config="true" signature="setup(java.lang.String,java.lang.String)[pri:0, instance:testCases.TC_001_AddToCart@4263b080]" started-at="2024-08-05T14:53:03 IST" name="setup" finished-at="2024-08-05T14:53:08 IST" duration-ms="4994" status="PASS">
          <params>
            <param index="0">
              <value>
                <![CDATA[windows]]>
              </value>
            </param>
            <param index="1">
              <value>
                <![CDATA[chrome]]>
              </value>
            </param>
          </params>
          <reporter-output>
          </reporter-output>
        </test-method> <!-- setup -->
        <test-method signature="verify_productAdded()[pri:0, instance:testCases.TC_001_AddToCart@4263b080]" started-at="2024-08-05T14:53:08 IST" name="verify_productAdded" finished-at="2024-08-05T14:53:13 IST" duration-ms="5817" status="PASS">
          <reporter-output>
          </reporter-output>
        </test-method> <!-- verify_productAdded -->
      </class> <!-- testCases.TC_001_AddToCart -->
      <class name="testCases.TC_002_FinalCart">
        <test-method signature="verifyCart()[pri:0, instance:testCases.TC_002_FinalCart@3aee3976]" started-at="2024-08-05T14:53:13 IST" name="verifyCart" finished-at="2024-08-05T14:53:14 IST" duration-ms="611" status="PASS">
          <reporter-output>
          </reporter-output>
        </test-method> <!-- verifyCart -->
      </class> <!-- testCases.TC_002_FinalCart -->
    </test> <!-- Test -->
  </suite> <!-- Suite -->
</testng-results>
